◇ injected env (11) from .env // tip: ◈ secrets for agents [www.dotenvx.com]
Engine server running on http://[::]:3001 (IPv4+IPv6)
Workspace base: C:\Users\viren\OneDrive\Desktop\build-same-engine\sandbox_workspaces
[server] Build request for: ws-1783154259869-h3t2yx
[server] Prompt type: build-app, prompt: Build a fully functional, interactive, responsive 
[server] Existing job: none
[queue] Enqueued build ws-1783154259869-h3t2yx (priority 10, queue size: 1)
[queue] Starting build ws-1783154259869-h3t2yx (1 running, 0 queued)
[server] Build enqueued, response: {"id":"ws-1783154259869-h3t2yx","status":"build_started","jobId":"ws-1783154259869-h3t2yx","queueStatus":{"queued":0,"running":1,"completed":0}}
[queue] Build ws-1783154259869-h3t2yx timed out after 300000ms
[queue] Build ws-1783154259869-h3t2yx finished: timeout in 300091ms
[queue] Retrying build ws-1783154259869-h3t2yx (attempt 2/3)
[queue] Starting build ws-1783154259869-h3t2yx (1 running, 0 queued)
[queue] Build ws-1783154259869-h3t2yx failed: exit 1
[queue] Build ws-1783154259869-h3t2yx finished: failed in 20ms
[server] Build request for: ws-1783156011103-av5iz3
[server] Prompt type: build-app, prompt: Build a fully functional, interactive, responsive 
[server] Existing job: none
[queue] Enqueued build ws-1783156011103-av5iz3 (priority 10, queue size: 1)
[queue] Starting build ws-1783156011103-av5iz3 (1 running, 0 queued)
[server] Build enqueued, response: {"id":"ws-1783156011103-av5iz3","status":"build_started","jobId":"ws-1783156011103-av5iz3","queueStatus":{"queued":0,"running":1,"completed":1}}
[queue] Build ws-1783156011103-av5iz3 timed out after 300000ms
[queue] Build ws-1783156011103-av5iz3 finished: timeout in 300008ms
[queue] Retrying build ws-1783156011103-av5iz3 (attempt 2/3)
[queue] Starting build ws-1783156011103-av5iz3 (1 running, 0 queued)
[queue] Build ws-1783156011103-av5iz3 failed: exit 1
[queue] Build ws-1783156011103-av5iz3 finished: failed in 4ms
